Start testing: Mar 28 13:02 PDT
----------------------------------------------------------
1/4 Testing: CartridgeTests
1/4 Test: CartridgeTests
Command: "/Users/viraj/Documents/Workspace/Game Boy Emulator/bin/tests/CartridgeTests"
Directory: /Users/viraj/Documents/Workspace/Game Boy Emulator/test
"CartridgeTests" start time: Mar 28 13:02 PDT
Output:
----------------------------------------------------------
[==========] Running 10 tests from 10 test cases.
[----------] Global test environment set-up.
[----------] 1 test from MBC1_16_8_ROM_Test
[ RUN      ] MBC1_16_8_ROM_Test.Load_Byte_From_ROM_Bank_0
[       OK ] MBC1_16_8_ROM_Test.Load_Byte_From_ROM_Bank_0 (1 ms)
[----------] 1 test from MBC1_16_8_ROM_Test (1 ms total)

[----------] 1 test from MBC1_4_32_ROM_Test
[ RUN      ] MBC1_4_32_ROM_Test.Load_Byte_From_ROM_Bank_0
[       OK ] MBC1_4_32_ROM_Test.Load_Byte_From_ROM_Bank_0 (0 ms)
[----------] 1 test from MBC1_4_32_ROM_Test (0 ms total)

[----------] 1 test from MBC2_ROM_Test
[ RUN      ] MBC2_ROM_Test.Load_Byte_From_ROM_Bank_0
[       OK ] MBC2_ROM_Test.Load_Byte_From_ROM_Bank_0 (0 ms)
[----------] 1 test from MBC2_ROM_Test (0 ms total)

[----------] 1 test from MBC3_ROM_Test
[ RUN      ] MBC3_ROM_Test.Load_Byte_From_ROM_Bank_0
[       OK ] MBC3_ROM_Test.Load_Byte_From_ROM_Bank_0 (0 ms)
[----------] 1 test from MBC3_ROM_Test (0 ms total)

[----------] 1 test from MBC5_ROM_Test
[ RUN      ] MBC5_ROM_Test.Load_Byte_From_ROM_Bank_0
[       OK ] MBC5_ROM_Test.Load_Byte_From_ROM_Bank_0 (0 ms)
[----------] 1 test from MBC5_ROM_Test (0 ms total)

[----------] 1 test from MBC1_16_8_ROM_TEST
[ RUN      ] MBC1_16_8_ROM_TEST.Bank_Switching
[       OK ] MBC1_16_8_ROM_TEST.Bank_Switching (24 ms)
[----------] 1 test from MBC1_16_8_ROM_TEST (24 ms total)

[----------] 1 test from MBC1_4_32_ROM_TEST
[ RUN      ] MBC1_4_32_ROM_TEST.Bank_Switching
[       OK ] MBC1_4_32_ROM_TEST.Bank_Switching (8 ms)
[----------] 1 test from MBC1_4_32_ROM_TEST (8 ms total)

[----------] 1 test from MBC2_ROM_TEST
[ RUN      ] MBC2_ROM_TEST.Bank_Switching
[       OK ] MBC2_ROM_TEST.Bank_Switching (3 ms)
[----------] 1 test from MBC2_ROM_TEST (3 ms total)

[----------] 1 test from MBC3_ROM_TEST
[ RUN      ] MBC3_ROM_TEST.Bank_Switching
[       OK ] MBC3_ROM_TEST.Bank_Switching (20 ms)
[----------] 1 test from MBC3_ROM_TEST (20 ms total)

[----------] 1 test from MBC5_ROM_TEST
[ RUN      ] MBC5_ROM_TEST.Bank_Switching
[       OK ] MBC5_ROM_TEST.Bank_Switching (87 ms)
[----------] 1 test from MBC5_ROM_TEST (87 ms total)

[----------] Global test environment tear-down
[==========] 10 tests from 10 test cases ran. (143 ms total)
[  PASSED  ] 10 tests.
<end of output>
Test time =   0.15 sec
----------------------------------------------------------
Test Passed.
"CartridgeTests" end time: Mar 28 13:02 PDT
"CartridgeTests" time elapsed: 00:00:00
----------------------------------------------------------

2/4 Testing: MemoryTests
2/4 Test: MemoryTests
Command: "/Users/viraj/Documents/Workspace/Game Boy Emulator/bin/tests/MemoryTests"
Directory: /Users/viraj/Documents/Workspace/Game Boy Emulator/test
"MemoryTests" start time: Mar 28 13:02 PDT
Output:
----------------------------------------------------------
[==========] Running 4 tests from 1 test case.
[----------] Global test environment set-up.
[----------] 4 tests from Memory_Test
[ RUN      ] Memory_Test.Load_And_Store_Byte_RAM
[       OK ] Memory_Test.Load_And_Store_Byte_RAM (0 ms)
[ RUN      ] Memory_Test.Load_And_Store_Word_RAM
[       OK ] Memory_Test.Load_And_Store_Word_RAM (0 ms)
[ RUN      ] Memory_Test.Address_Space_Partitioning_Load_Ops
[       OK ] Memory_Test.Address_Space_Partitioning_Load_Ops (1 ms)
[ RUN      ] Memory_Test.Address_Space_Partitioning_Store_Ops
[       OK ] Memory_Test.Address_Space_Partitioning_Store_Ops (0 ms)
[----------] 4 tests from Memory_Test (1 ms total)

[----------] Global test environment tear-down
[==========] 4 tests from 1 test case ran. (1 ms total)
[  PASSED  ] 4 tests.
<end of output>
Test time =   0.01 sec
----------------------------------------------------------
Test Passed.
"MemoryTests" end time: Mar 28 13:02 PDT
"MemoryTests" time elapsed: 00:00:00
----------------------------------------------------------

3/4 Testing: CPUTests
3/4 Test: CPUTests
Command: "/Users/viraj/Documents/Workspace/Game Boy Emulator/bin/tests/CPUTests"
Directory: /Users/viraj/Documents/Workspace/Game Boy Emulator/test
"CPUTests" start time: Mar 28 13:02 PDT
Output:
----------------------------------------------------------
[==========] Running 21 tests from 1 test case.
[----------] Global test environment set-up.
[----------] 21 tests from CPU_Test
[ RUN      ] CPU_Test.Test_Flags
[       OK ] CPU_Test.Test_Flags (1 ms)
[ RUN      ] CPU_Test.Test_NOP
[       OK ] CPU_Test.Test_NOP (0 ms)
[ RUN      ] CPU_Test.Test_LD_nn_addr_SP
[       OK ] CPU_Test.Test_LD_nn_addr_SP (0 ms)
[ RUN      ] CPU_Test.Test_JR_d
[       OK ] CPU_Test.Test_JR_d (0 ms)
[ RUN      ] CPU_Test.Test_JR_cc_d
[       OK ] CPU_Test.Test_JR_cc_d (0 ms)
[ RUN      ] CPU_Test.Test_LD_rp_nn
[       OK ] CPU_Test.Test_LD_rp_nn (0 ms)
[ RUN      ] CPU_Test.ADD_HL_rp
[       OK ] CPU_Test.ADD_HL_rp (0 ms)
[ RUN      ] CPU_Test.LD_nn_addr_A
[       OK ] CPU_Test.LD_nn_addr_A (0 ms)
[ RUN      ] CPU_Test.JP_nn
[       OK ] CPU_Test.JP_nn (0 ms)
[ RUN      ] CPU_Test.LD_r_n
[       OK ] CPU_Test.LD_r_n (0 ms)
[ RUN      ] CPU_Test.LDH_n_A
[       OK ] CPU_Test.LDH_n_A (0 ms)
[ RUN      ] CPU_Test.CALL_cc_nn
[       OK ] CPU_Test.CALL_cc_nn (0 ms)
[ RUN      ] CPU_Test.CALL_nn
[       OK ] CPU_Test.CALL_nn (0 ms)
[ RUN      ] CPU_Test.PUSH_rp2
[       OK ] CPU_Test.PUSH_rp2 (0 ms)
[ RUN      ] CPU_Test.POP_rp2
[       OK ] CPU_Test.POP_rp2 (0 ms)
[ RUN      ] CPU_Test.RET
[       OK ] CPU_Test.RET (0 ms)
[ RUN      ] CPU_Test.LDH_A_n
[       OK ] CPU_Test.LDH_A_n (0 ms)
[ RUN      ] CPU_Test.RLC_r
[       OK ] CPU_Test.RLC_r (0 ms)
[ RUN      ] CPU_Test.RRC_r
[       OK ] CPU_Test.RRC_r (0 ms)
[ RUN      ] CPU_Test.RL_r
[       OK ] CPU_Test.RL_r (0 ms)
[ RUN      ] CPU_Test.RR_r
[       OK ] CPU_Test.RR_r (0 ms)
[----------] 21 tests from CPU_Test (3 ms total)

[----------] Global test environment tear-down
[==========] 21 tests from 1 test case ran. (3 ms total)
[  PASSED  ] 21 tests.
<end of output>
Test time =   0.01 sec
----------------------------------------------------------
Test Passed.
"CPUTests" end time: Mar 28 13:02 PDT
"CPUTests" time elapsed: 00:00:00
----------------------------------------------------------

4/4 Testing: IntegrationTests
4/4 Test: IntegrationTests
Command: "/Users/viraj/Documents/Workspace/Game Boy Emulator/bin/tests/IntegrationTests"
Directory: /Users/viraj/Documents/Workspace/Game Boy Emulator/test
"IntegrationTests" start time: Mar 28 13:02 PDT
Output:
----------------------------------------------------------
[==========] Running 2 tests from 2 test cases.
[----------] Global test environment set-up.
[----------] 1 test from Integration_Test
[ RUN      ] Integration_Test.Instructions_Test
[       OK ] Integration_Test.Instructions_Test (4667 ms)
[----------] 1 test from Integration_Test (4667 ms total)

[----------] 1 test from CPU_ROM_Test
[ RUN      ] CPU_ROM_Test.Timing_Test
[       OK ] CPU_ROM_Test.Timing_Test (175 ms)
[----------] 1 test from CPU_ROM_Test (175 ms total)

[----------] Global test environment tear-down
[==========] 2 tests from 2 test cases ran. (4842 ms total)
[  PASSED  ] 2 tests.
<end of output>
Test time =   4.85 sec
----------------------------------------------------------
Test Passed.
"IntegrationTests" end time: Mar 28 13:02 PDT
"IntegrationTests" time elapsed: 00:00:04
----------------------------------------------------------

End testing: Mar 28 13:02 PDT
